22-Apr-2026 14:22:10.551 INFO [main] org.apache.catalina.startup.VersionLoggerListener.log Server version name:   Apache Tomcat/9.0.115
22-Apr-2026 14:22:10.557 INFO [main] org.apache.catalina.startup.VersionLoggerListener.log Server built:          Jan 21 2026 08:17:26 UTC
22-Apr-2026 14:22:10.557 INFO [main] org.apache.catalina.startup.VersionLoggerListener.log Server version number: 9.0.115.0
22-Apr-2026 14:22:10.558 INFO [main] org.apache.catalina.startup.VersionLoggerListener.log OS Name:               Windows 11
22-Apr-2026 14:22:10.558 INFO [main] org.apache.catalina.startup.VersionLoggerListener.log OS Version:            10.0
22-Apr-2026 14:22:10.558 INFO [main] org.apache.catalina.startup.VersionLoggerListener.log Architecture:          amd64
22-Apr-2026 14:22:10.558 INFO [main] org.apache.catalina.startup.VersionLoggerListener.log Java Home:             C:\Program Files\Java\jdk-21
22-Apr-2026 14:22:10.558 INFO [main] org.apache.catalina.startup.VersionLoggerListener.log JVM Version:           21.0.9+7-LTS-338
22-Apr-2026 14:22:10.558 INFO [main] org.apache.catalina.startup.VersionLoggerListener.log JVM Vendor:            Oracle Corporation
22-Apr-2026 14:22:10.560 INFO [main] org.apache.catalina.startup.VersionLoggerListener.log CATALINA_BASE:         C:\Users\joaop\OneDrive\Desktop\Projeto-ARQWEB1
22-Apr-2026 14:22:10.560 INFO [main] org.apache.catalina.startup.VersionLoggerListener.log CATALINA_HOME:         C:\Program Files\Tomcat\apache-tomcat-9.0.115
22-Apr-2026 14:22:10.573 INFO [main] org.apache.catalina.startup.VersionLoggerListener.log Command line argument: --add-opens=java.base/java.lang=ALL-UNNAMED
22-Apr-2026 14:22:10.575 INFO [main] org.apache.catalina.startup.VersionLoggerListener.log Command line argument: --add-opens=java.base/java.io=ALL-UNNAMED
22-Apr-2026 14:22:10.575 INFO [main] org.apache.catalina.startup.VersionLoggerListener.log Command line argument: --add-opens=java.base/java.util=ALL-UNNAMED
22-Apr-2026 14:22:10.575 INFO [main] org.apache.catalina.startup.VersionLoggerListener.log Command line argument: --add-opens=java.base/java.util.concurrent=ALL-UNNAMED
22-Apr-2026 14:22:10.575 INFO [main] org.apache.catalina.startup.VersionLoggerListener.log Command line argument: --add-opens=java.rmi/sun.rmi.transport=ALL-UNNAMED
22-Apr-2026 14:22:10.575 INFO [main] org.apache.catalina.startup.VersionLoggerListener.log Command line argument: -Dcatalina.home=C:\Program Files\Tomcat\apache-tomcat-9.0.115
22-Apr-2026 14:22:10.576 INFO [main] org.apache.catalina.startup.VersionLoggerListener.log Command line argument: -Dcatalina.base=C:\Users\joaop\OneDrive\Desktop\Projeto-ARQWEB1
22-Apr-2026 14:22:10.576 INFO [main] org.apache.catalina.startup.VersionLoggerListener.log Command line argument: -Djava.io.tmpdir=C:\Users\joaop\OneDrive\Desktop\Projeto-ARQWEB1\temp
22-Apr-2026 14:22:10.576 INFO [main] org.apache.catalina.startup.VersionLoggerListener.log Command line argument: -Djava.util.logging.config.file=C:\Users\joaop\OneDrive\Desktop\Projeto-ARQWEB1\conf\logging.properties
22-Apr-2026 14:22:10.576 INFO [main] org.apache.catalina.startup.VersionLoggerListener.log Command line argument: -Djava.util.logging.manager=org.apache.juli.ClassLoaderLogManager
22-Apr-2026 14:22:10.577 INFO [main] org.apache.catalina.startup.VersionLoggerListener.log Command line argument: -javaagent:C:\Users\joaop\AppData\Local\Programs\IntelliJ IDEA\lib\idea_rt.jar=65355
22-Apr-2026 14:22:10.577 INFO [main] org.apache.catalina.startup.VersionLoggerListener.log Command line argument: -Dfile.encoding=UTF-8
22-Apr-2026 14:22:10.577 INFO [main] org.apache.catalina.startup.VersionLoggerListener.log Command line argument: -Dsun.stdout.encoding=UTF-8
22-Apr-2026 14:22:10.577 INFO [main] org.apache.catalina.startup.VersionLoggerListener.log Command line argument: -Dsun.stderr.encoding=UTF-8
22-Apr-2026 14:22:10.592 INFO [main] org.apache.catalina.core.AprLifecycleListener.lifecycleEvent Loaded Apache Tomcat Native library [1.3.5] using APR version [1.7.6].
22-Apr-2026 14:22:10.592 INFO [main] org.apache.catalina.core.AprLifecycleListener.lifecycleEvent APR capabilities: IPv6 [true], sendfile [true], accept filters [false], random [true], UDS [true].
22-Apr-2026 14:22:10.592 INFO [main] org.apache.catalina.core.AprLifecycleListener.lifecycleEvent APR/OpenSSL configuration: useAprConnector [false], useOpenSSL [true]
22-Apr-2026 14:22:10.623 INFO [main] org.apache.catalina.core.AprLifecycleListener.initializeSSL OpenSSL successfully initialized [OpenSSL 3.0.18 30 Sep 2025]
22-Apr-2026 14:22:11.376 INFO [main] org.apache.coyote.AbstractProtocol.init Initializing ProtocolHandler ["http-nio-8080"]
22-Apr-2026 14:22:11.402 INFO [main] org.apache.catalina.startup.Catalina.load Server initialization in [1285] milliseconds
22-Apr-2026 14:22:11.490 INFO [main] org.apache.catalina.core.StandardService.startInternal Starting service [Catalina]
22-Apr-2026 14:22:11.490 INFO [main] org.apache.catalina.core.StandardEngine.startInternal Starting Servlet engine: [Apache Tomcat/9.0.115]
22-Apr-2026 14:22:11.507 INFO [main] org.apache.catalina.startup.HostConfig.deployDescriptor Deploying deployment descriptor [C:\Users\joaop\OneDrive\Desktop\Projeto-ARQWEB1\conf\Catalina\localhost\ProjetoARQWEB1_JavaServlet.xml]
22-Apr-2026 14:22:12.446 INFO [main] org.apache.catalina.startup.HostConfig.deployDescriptor Deployment of deployment descriptor [C:\Users\joaop\OneDrive\Desktop\Projeto-ARQWEB1\conf\Catalina\localhost\ProjetoARQWEB1_JavaServlet.xml] has finished in [934] ms
22-Apr-2026 14:22:12.452 INFO [main] org.apache.coyote.AbstractProtocol.start Starting ProtocolHandler ["http-nio-8080"]
22-Apr-2026 14:22:12.487 INFO [main] org.apache.catalina.startup.Catalina.start Server startup in [1082] milliseconds
22-Apr-2026 14:59:13.210 INFO [Thread-1] org.apache.coyote.AbstractProtocol.pause Pausing ProtocolHandler ["http-nio-8080"]
22-Apr-2026 14:59:13.217 INFO [Thread-1] org.apache.catalina.core.StandardService.stopInternal Stopping service [Catalina]
22-Apr-2026 14:59:13.234 INFO [Thread-1] org.apache.coyote.AbstractProtocol.stop Stopping ProtocolHandler ["http-nio-8080"]
22-Apr-2026 14:59:13.248 INFO [Thread-1] org.apache.coyote.AbstractProtocol.destroy Destroying ProtocolHandler ["http-nio-8080"]
22-Apr-2026 19:03:38.115 INFO [main] org.apache.catalina.startup.VersionLoggerListener.log Server version name:   Apache Tomcat/9.0.115
22-Apr-2026 19:03:38.123 INFO [main] org.apache.catalina.startup.VersionLoggerListener.log Server built:          Jan 21 2026 08:17:26 UTC
22-Apr-2026 19:03:38.124 INFO [main] org.apache.catalina.startup.VersionLoggerListener.log Server version number: 9.0.115.0
22-Apr-2026 19:03:38.125 INFO [main] org.apache.catalina.startup.VersionLoggerListener.log OS Name:               Windows 11
22-Apr-2026 19:03:38.125 INFO [main] org.apache.catalina.startup.VersionLoggerListener.log OS Version:            10.0
22-Apr-2026 19:03:38.125 INFO [main] org.apache.catalina.startup.VersionLoggerListener.log Architecture:          amd64
22-Apr-2026 19:03:38.125 INFO [main] org.apache.catalina.startup.VersionLoggerListener.log Java Home:             C:\Program Files\Java\jdk-21
22-Apr-2026 19:03:38.125 INFO [main] org.apache.catalina.startup.VersionLoggerListener.log JVM Version:           21.0.9+7-LTS-338
22-Apr-2026 19:03:38.125 INFO [main] org.apache.catalina.startup.VersionLoggerListener.log JVM Vendor:            Oracle Corporation
22-Apr-2026 19:03:38.125 INFO [main] org.apache.catalina.startup.VersionLoggerListener.log CATALINA_BASE:         C:\Users\joaop\OneDrive\Desktop\Projeto-ARQWEB1
22-Apr-2026 19:03:38.126 INFO [main] org.apache.catalina.startup.VersionLoggerListener.log CATALINA_HOME:         C:\Program Files\Tomcat\apache-tomcat-9.0.115
22-Apr-2026 19:03:38.142 INFO [main] org.apache.catalina.startup.VersionLoggerListener.log Command line argument: --add-opens=java.base/java.lang=ALL-UNNAMED
22-Apr-2026 19:03:38.142 INFO [main] org.apache.catalina.startup.VersionLoggerListener.log Command line argument: --add-opens=java.base/java.io=ALL-UNNAMED
22-Apr-2026 19:03:38.142 INFO [main] org.apache.catalina.startup.VersionLoggerListener.log Command line argument: --add-opens=java.base/java.util=ALL-UNNAMED
22-Apr-2026 19:03:38.142 INFO [main] org.apache.catalina.startup.VersionLoggerListener.log Command line argument: --add-opens=java.base/java.util.concurrent=ALL-UNNAMED
22-Apr-2026 19:03:38.143 INFO [main] org.apache.catalina.startup.VersionLoggerListener.log Command line argument: --add-opens=java.rmi/sun.rmi.transport=ALL-UNNAMED
22-Apr-2026 19:03:38.143 INFO [main] org.apache.catalina.startup.VersionLoggerListener.log Command line argument: -Dcatalina.home=C:\Program Files\Tomcat\apache-tomcat-9.0.115
22-Apr-2026 19:03:38.143 INFO [main] org.apache.catalina.startup.VersionLoggerListener.log Command line argument: -Dcatalina.base=C:\Users\joaop\OneDrive\Desktop\Projeto-ARQWEB1
22-Apr-2026 19:03:38.143 INFO [main] org.apache.catalina.startup.VersionLoggerListener.log Command line argument: -Djava.io.tmpdir=C:\Users\joaop\OneDrive\Desktop\Projeto-ARQWEB1\temp
22-Apr-2026 19:03:38.144 INFO [main] org.apache.catalina.startup.VersionLoggerListener.log Command line argument: -Djava.util.logging.config.file=C:\Users\joaop\OneDrive\Desktop\Projeto-ARQWEB1\conf\logging.properties
22-Apr-2026 19:03:38.144 INFO [main] org.apache.catalina.startup.VersionLoggerListener.log Command line argument: -Djava.util.logging.manager=org.apache.juli.ClassLoaderLogManager
22-Apr-2026 19:03:38.144 INFO [main] org.apache.catalina.startup.VersionLoggerListener.log Command line argument: -javaagent:C:\Users\joaop\AppData\Local\Programs\IntelliJ IDEA\lib\idea_rt.jar=55575
22-Apr-2026 19:03:38.145 INFO [main] org.apache.catalina.startup.VersionLoggerListener.log Command line argument: -Dfile.encoding=UTF-8
22-Apr-2026 19:03:38.145 INFO [main] org.apache.catalina.startup.VersionLoggerListener.log Command line argument: -Dsun.stdout.encoding=UTF-8
22-Apr-2026 19:03:38.146 INFO [main] org.apache.catalina.startup.VersionLoggerListener.log Command line argument: -Dsun.stderr.encoding=UTF-8
22-Apr-2026 19:03:38.160 INFO [main] org.apache.catalina.core.AprLifecycleListener.lifecycleEvent Loaded Apache Tomcat Native library [1.3.5] using APR version [1.7.6].
22-Apr-2026 19:03:38.161 INFO [main] org.apache.catalina.core.AprLifecycleListener.lifecycleEvent APR capabilities: IPv6 [true], sendfile [true], accept filters [false], random [true], UDS [true].
22-Apr-2026 19:03:38.161 INFO [main] org.apache.catalina.core.AprLifecycleListener.lifecycleEvent APR/OpenSSL configuration: useAprConnector [false], useOpenSSL [true]
22-Apr-2026 19:03:38.189 INFO [main] org.apache.catalina.core.AprLifecycleListener.initializeSSL OpenSSL successfully initialized [OpenSSL 3.0.18 30 Sep 2025]
22-Apr-2026 19:03:38.846 INFO [main] org.apache.coyote.AbstractProtocol.init Initializing ProtocolHandler ["http-nio-8080"]
22-Apr-2026 19:03:38.884 INFO [main] org.apache.catalina.startup.Catalina.load Server initialization in [1318] milliseconds
22-Apr-2026 19:03:38.971 INFO [main] org.apache.catalina.core.StandardService.startInternal Starting service [Catalina]
22-Apr-2026 19:03:38.971 INFO [main] org.apache.catalina.core.StandardEngine.startInternal Starting Servlet engine: [Apache Tomcat/9.0.115]
22-Apr-2026 19:03:38.990 INFO [main] org.apache.catalina.startup.HostConfig.deployDescriptor Deploying deployment descriptor [C:\Users\joaop\OneDrive\Desktop\Projeto-ARQWEB1\conf\Catalina\localhost\ProjetoARQWEB1_JavaServlet.xml]
22-Apr-2026 19:03:39.998 INFO [main] org.apache.catalina.startup.HostConfig.deployDescriptor Deployment of deployment descriptor [C:\Users\joaop\OneDrive\Desktop\Projeto-ARQWEB1\conf\Catalina\localhost\ProjetoARQWEB1_JavaServlet.xml] has finished in [1.003] ms
22-Apr-2026 19:03:40.003 INFO [main] org.apache.coyote.AbstractProtocol.start Starting ProtocolHandler ["http-nio-8080"]
22-Apr-2026 19:03:40.034 INFO [main] org.apache.catalina.startup.Catalina.start Server startup in [1147] milliseconds
22-Apr-2026 19:07:58.889 INFO [Thread-1] org.apache.coyote.AbstractProtocol.pause Pausing ProtocolHandler ["http-nio-8080"]
22-Apr-2026 19:07:58.894 INFO [Thread-1] org.apache.catalina.core.StandardService.stopInternal Stopping service [Catalina]
22-Apr-2026 19:07:58.904 INFO [Thread-1] org.apache.coyote.AbstractProtocol.stop Stopping ProtocolHandler ["http-nio-8080"]
22-Apr-2026 19:07:58.931 INFO [Thread-1] org.apache.coyote.AbstractProtocol.destroy Destroying ProtocolHandler ["http-nio-8080"]
