26-Mar-2026 14:40:17.435 INFO [main] org.apache.catalina.startup.VersionLoggerListener.log Server version name:   Apache Tomcat/9.0.115
26-Mar-2026 14:40:17.438 INFO [main] org.apache.catalina.startup.VersionLoggerListener.log Server built:          Jan 21 2026 08:17:26 UTC
26-Mar-2026 14:40:17.438 INFO [main] org.apache.catalina.startup.VersionLoggerListener.log Server version number: 9.0.115.0
26-Mar-2026 14:40:17.438 INFO [main] org.apache.catalina.startup.VersionLoggerListener.log OS Name:               Windows 11
26-Mar-2026 14:40:17.440 INFO [main] org.apache.catalina.startup.VersionLoggerListener.log OS Version:            10.0
26-Mar-2026 14:40:17.440 INFO [main] org.apache.catalina.startup.VersionLoggerListener.log Architecture:          amd64
26-Mar-2026 14:40:17.440 INFO [main] org.apache.catalina.startup.VersionLoggerListener.log Java Home:             C:\Program Files\Java\jdk-21
26-Mar-2026 14:40:17.440 INFO [main] org.apache.catalina.startup.VersionLoggerListener.log JVM Version:           21.0.9+7-LTS-338
26-Mar-2026 14:40:17.440 INFO [main] org.apache.catalina.startup.VersionLoggerListener.log JVM Vendor:            Oracle Corporation
26-Mar-2026 14:40:17.440 INFO [main] org.apache.catalina.startup.VersionLoggerListener.log CATALINA_BASE:         C:\Users\joaop\OneDrive\Desktop\ARQWEB\Projeto-ARQWEB1
26-Mar-2026 14:40:17.440 INFO [main] org.apache.catalina.startup.VersionLoggerListener.log CATALINA_HOME:         C:\Program Files\Tomcat\apache-tomcat-9.0.115
26-Mar-2026 14:40:17.447 INFO [main] org.apache.catalina.startup.VersionLoggerListener.log Command line argument: --add-opens=java.base/java.lang=ALL-UNNAMED
26-Mar-2026 14:40:17.448 INFO [main] org.apache.catalina.startup.VersionLoggerListener.log Command line argument: --add-opens=java.base/java.io=ALL-UNNAMED
26-Mar-2026 14:40:17.448 INFO [main] org.apache.catalina.startup.VersionLoggerListener.log Command line argument: --add-opens=java.base/java.util=ALL-UNNAMED
26-Mar-2026 14:40:17.448 INFO [main] org.apache.catalina.startup.VersionLoggerListener.log Command line argument: --add-opens=java.base/java.util.concurrent=ALL-UNNAMED
26-Mar-2026 14:40:17.448 INFO [main] org.apache.catalina.startup.VersionLoggerListener.log Command line argument: --add-opens=java.rmi/sun.rmi.transport=ALL-UNNAMED
26-Mar-2026 14:40:17.448 INFO [main] org.apache.catalina.startup.VersionLoggerListener.log Command line argument: -Dcatalina.home=C:\Program Files\Tomcat\apache-tomcat-9.0.115
26-Mar-2026 14:40:17.448 INFO [main] org.apache.catalina.startup.VersionLoggerListener.log Command line argument: -Dcatalina.base=C:\Users\joaop\OneDrive\Desktop\ARQWEB\Projeto-ARQWEB1
26-Mar-2026 14:40:17.448 INFO [main] org.apache.catalina.startup.VersionLoggerListener.log Command line argument: -Djava.io.tmpdir=C:\Users\joaop\OneDrive\Desktop\ARQWEB\Projeto-ARQWEB1\temp
26-Mar-2026 14:40:17.448 INFO [main] org.apache.catalina.startup.VersionLoggerListener.log Command line argument: -Djava.util.logging.config.file=C:\Users\joaop\OneDrive\Desktop\ARQWEB\Projeto-ARQWEB1\conf\logging.properties
26-Mar-2026 14:40:17.448 INFO [main] org.apache.catalina.startup.VersionLoggerListener.log Command line argument: -Djava.util.logging.manager=org.apache.juli.ClassLoaderLogManager
26-Mar-2026 14:40:17.449 INFO [main] org.apache.catalina.startup.VersionLoggerListener.log Command line argument: -javaagent:C:\Users\joaop\AppData\Local\Programs\IntelliJ IDEA\lib\idea_rt.jar=57427
26-Mar-2026 14:40:17.449 INFO [main] org.apache.catalina.startup.VersionLoggerListener.log Command line argument: -Dfile.encoding=UTF-8
26-Mar-2026 14:40:17.449 INFO [main] org.apache.catalina.startup.VersionLoggerListener.log Command line argument: -Dsun.stdout.encoding=UTF-8
26-Mar-2026 14:40:17.449 INFO [main] org.apache.catalina.startup.VersionLoggerListener.log Command line argument: -Dsun.stderr.encoding=UTF-8
26-Mar-2026 14:40:17.455 INFO [main] org.apache.catalina.core.AprLifecycleListener.lifecycleEvent Loaded Apache Tomcat Native library [1.3.5] using APR version [1.7.6].
26-Mar-2026 14:40:17.455 INFO [main] org.apache.catalina.core.AprLifecycleListener.lifecycleEvent APR capabilities: IPv6 [true], sendfile [true], accept filters [false], random [true], UDS [true].
26-Mar-2026 14:40:17.455 INFO [main] org.apache.catalina.core.AprLifecycleListener.lifecycleEvent APR/OpenSSL configuration: useAprConnector [false], useOpenSSL [true]
26-Mar-2026 14:40:17.461 INFO [main] org.apache.catalina.core.AprLifecycleListener.initializeSSL OpenSSL successfully initialized [OpenSSL 3.0.18 30 Sep 2025]
26-Mar-2026 14:40:17.780 INFO [main] org.apache.coyote.AbstractProtocol.init Initializing ProtocolHandler ["http-nio-8080"]
26-Mar-2026 14:40:17.797 INFO [main] org.apache.catalina.startup.Catalina.load Server initialization in [554] milliseconds
26-Mar-2026 14:40:17.844 INFO [main] org.apache.catalina.core.StandardService.startInternal Starting service [Catalina]
26-Mar-2026 14:40:17.845 INFO [main] org.apache.catalina.core.StandardEngine.startInternal Starting Servlet engine: [Apache Tomcat/9.0.115]
26-Mar-2026 14:40:17.857 INFO [main] org.apache.catalina.startup.HostConfig.deployDescriptor Deploying deployment descriptor [C:\Users\joaop\OneDrive\Desktop\ARQWEB\Projeto-ARQWEB1\conf\Catalina\localhost\ProjetoARQWEB1_JavaServlet.xml]
26-Mar-2026 14:40:18.363 INFO [main] org.apache.catalina.startup.HostConfig.deployDescriptor Deployment of deployment descriptor [C:\Users\joaop\OneDrive\Desktop\ARQWEB\Projeto-ARQWEB1\conf\Catalina\localhost\ProjetoARQWEB1_JavaServlet.xml] has finished in [503] ms
26-Mar-2026 14:40:18.366 INFO [main] org.apache.coyote.AbstractProtocol.start Starting ProtocolHandler ["http-nio-8080"]
26-Mar-2026 14:40:18.391 INFO [main] org.apache.catalina.startup.Catalina.start Server startup in [592] milliseconds
26-Mar-2026 14:43:18.433 INFO [Thread-1] org.apache.coyote.AbstractProtocol.pause Pausing ProtocolHandler ["http-nio-8080"]
26-Mar-2026 14:43:18.438 INFO [Thread-1] org.apache.catalina.core.StandardService.stopInternal Stopping service [Catalina]
26-Mar-2026 14:43:18.445 INFO [Thread-1] org.apache.coyote.AbstractProtocol.stop Stopping ProtocolHandler ["http-nio-8080"]
26-Mar-2026 14:43:18.450 INFO [Thread-1] org.apache.coyote.AbstractProtocol.destroy Destroying ProtocolHandler ["http-nio-8080"]
26-Mar-2026 14:43:26.781 INFO [main] org.apache.catalina.startup.VersionLoggerListener.log Server version name:   Apache Tomcat/9.0.115
26-Mar-2026 14:43:26.785 INFO [main] org.apache.catalina.startup.VersionLoggerListener.log Server built:          Jan 21 2026 08:17:26 UTC
26-Mar-2026 14:43:26.786 INFO [main] org.apache.catalina.startup.VersionLoggerListener.log Server version number: 9.0.115.0
26-Mar-2026 14:43:26.786 INFO [main] org.apache.catalina.startup.VersionLoggerListener.log OS Name:               Windows 11
26-Mar-2026 14:43:26.786 INFO [main] org.apache.catalina.startup.VersionLoggerListener.log OS Version:            10.0
26-Mar-2026 14:43:26.786 INFO [main] org.apache.catalina.startup.VersionLoggerListener.log Architecture:          amd64
26-Mar-2026 14:43:26.786 INFO [main] org.apache.catalina.startup.VersionLoggerListener.log Java Home:             C:\Program Files\Java\jdk-21
26-Mar-2026 14:43:26.786 INFO [main] org.apache.catalina.startup.VersionLoggerListener.log JVM Version:           21.0.9+7-LTS-338
26-Mar-2026 14:43:26.786 INFO [main] org.apache.catalina.startup.VersionLoggerListener.log JVM Vendor:            Oracle Corporation
26-Mar-2026 14:43:26.786 INFO [main] org.apache.catalina.startup.VersionLoggerListener.log CATALINA_BASE:         C:\Users\joaop\OneDrive\Desktop\ARQWEB\Projeto-ARQWEB1
26-Mar-2026 14:43:26.786 INFO [main] org.apache.catalina.startup.VersionLoggerListener.log CATALINA_HOME:         C:\Program Files\Tomcat\apache-tomcat-9.0.115
26-Mar-2026 14:43:26.793 INFO [main] org.apache.catalina.startup.VersionLoggerListener.log Command line argument: --add-opens=java.base/java.lang=ALL-UNNAMED
26-Mar-2026 14:43:26.793 INFO [main] org.apache.catalina.startup.VersionLoggerListener.log Command line argument: --add-opens=java.base/java.io=ALL-UNNAMED
26-Mar-2026 14:43:26.793 INFO [main] org.apache.catalina.startup.VersionLoggerListener.log Command line argument: --add-opens=java.base/java.util=ALL-UNNAMED
26-Mar-2026 14:43:26.793 INFO [main] org.apache.catalina.startup.VersionLoggerListener.log Command line argument: --add-opens=java.base/java.util.concurrent=ALL-UNNAMED
26-Mar-2026 14:43:26.793 INFO [main] org.apache.catalina.startup.VersionLoggerListener.log Command line argument: --add-opens=java.rmi/sun.rmi.transport=ALL-UNNAMED
26-Mar-2026 14:43:26.794 INFO [main] org.apache.catalina.startup.VersionLoggerListener.log Command line argument: -Dcatalina.home=C:\Program Files\Tomcat\apache-tomcat-9.0.115
26-Mar-2026 14:43:26.794 INFO [main] org.apache.catalina.startup.VersionLoggerListener.log Command line argument: -Dcatalina.base=C:\Users\joaop\OneDrive\Desktop\ARQWEB\Projeto-ARQWEB1
26-Mar-2026 14:43:26.794 INFO [main] org.apache.catalina.startup.VersionLoggerListener.log Command line argument: -Djava.io.tmpdir=C:\Users\joaop\OneDrive\Desktop\ARQWEB\Projeto-ARQWEB1\temp
26-Mar-2026 14:43:26.794 INFO [main] org.apache.catalina.startup.VersionLoggerListener.log Command line argument: -Djava.util.logging.config.file=C:\Users\joaop\OneDrive\Desktop\ARQWEB\Projeto-ARQWEB1\conf\logging.properties
26-Mar-2026 14:43:26.794 INFO [main] org.apache.catalina.startup.VersionLoggerListener.log Command line argument: -Djava.util.logging.manager=org.apache.juli.ClassLoaderLogManager
26-Mar-2026 14:43:26.794 INFO [main] org.apache.catalina.startup.VersionLoggerListener.log Command line argument: -javaagent:C:\Users\joaop\AppData\Local\Programs\IntelliJ IDEA\lib\idea_rt.jar=59706
26-Mar-2026 14:43:26.794 INFO [main] org.apache.catalina.startup.VersionLoggerListener.log Command line argument: -Dfile.encoding=UTF-8
26-Mar-2026 14:43:26.794 INFO [main] org.apache.catalina.startup.VersionLoggerListener.log Command line argument: -Dsun.stdout.encoding=UTF-8
26-Mar-2026 14:43:26.794 INFO [main] org.apache.catalina.startup.VersionLoggerListener.log Command line argument: -Dsun.stderr.encoding=UTF-8
26-Mar-2026 14:43:26.800 INFO [main] org.apache.catalina.core.AprLifecycleListener.lifecycleEvent Loaded Apache Tomcat Native library [1.3.5] using APR version [1.7.6].
26-Mar-2026 14:43:26.800 INFO [main] org.apache.catalina.core.AprLifecycleListener.lifecycleEvent APR capabilities: IPv6 [true], sendfile [true], accept filters [false], random [true], UDS [true].
26-Mar-2026 14:43:26.800 INFO [main] org.apache.catalina.core.AprLifecycleListener.lifecycleEvent APR/OpenSSL configuration: useAprConnector [false], useOpenSSL [true]
26-Mar-2026 14:43:26.807 INFO [main] org.apache.catalina.core.AprLifecycleListener.initializeSSL OpenSSL successfully initialized [OpenSSL 3.0.18 30 Sep 2025]
26-Mar-2026 14:43:27.151 INFO [main] org.apache.coyote.AbstractProtocol.init Initializing ProtocolHandler ["http-nio-8080"]
26-Mar-2026 14:43:27.171 INFO [main] org.apache.catalina.startup.Catalina.load Server initialization in [583] milliseconds
26-Mar-2026 14:43:27.226 INFO [main] org.apache.catalina.core.StandardService.startInternal Starting service [Catalina]
26-Mar-2026 14:43:27.226 INFO [main] org.apache.catalina.core.StandardEngine.startInternal Starting Servlet engine: [Apache Tomcat/9.0.115]
26-Mar-2026 14:43:27.240 INFO [main] org.apache.catalina.startup.HostConfig.deployDescriptor Deploying deployment descriptor [C:\Users\joaop\OneDrive\Desktop\ARQWEB\Projeto-ARQWEB1\conf\Catalina\localhost\ProjetoARQWEB1_JavaServlet.xml]
26-Mar-2026 14:43:27.777 INFO [main] org.apache.catalina.startup.HostConfig.deployDescriptor Deployment of deployment descriptor [C:\Users\joaop\OneDrive\Desktop\ARQWEB\Projeto-ARQWEB1\conf\Catalina\localhost\ProjetoARQWEB1_JavaServlet.xml] has finished in [534] ms
26-Mar-2026 14:43:27.782 INFO [main] org.apache.coyote.AbstractProtocol.start Starting ProtocolHandler ["http-nio-8080"]
26-Mar-2026 14:43:27.806 INFO [main] org.apache.catalina.startup.Catalina.start Server startup in [633] milliseconds
26-Mar-2026 14:44:07.691 INFO [Thread-1] org.apache.coyote.AbstractProtocol.pause Pausing ProtocolHandler ["http-nio-8080"]
26-Mar-2026 14:44:07.696 INFO [Thread-1] org.apache.catalina.core.StandardService.stopInternal Stopping service [Catalina]
26-Mar-2026 14:44:07.704 INFO [Thread-1] org.apache.coyote.AbstractProtocol.stop Stopping ProtocolHandler ["http-nio-8080"]
26-Mar-2026 14:44:07.707 INFO [Thread-1] org.apache.coyote.AbstractProtocol.destroy Destroying ProtocolHandler ["http-nio-8080"]
26-Mar-2026 14:44:10.617 INFO [main] org.apache.catalina.startup.VersionLoggerListener.log Server version name:   Apache Tomcat/9.0.115
26-Mar-2026 14:44:10.621 INFO [main] org.apache.catalina.startup.VersionLoggerListener.log Server built:          Jan 21 2026 08:17:26 UTC
26-Mar-2026 14:44:10.622 INFO [main] org.apache.catalina.startup.VersionLoggerListener.log Server version number: 9.0.115.0
26-Mar-2026 14:44:10.622 INFO [main] org.apache.catalina.startup.VersionLoggerListener.log OS Name:               Windows 11
26-Mar-2026 14:44:10.622 INFO [main] org.apache.catalina.startup.VersionLoggerListener.log OS Version:            10.0
26-Mar-2026 14:44:10.622 INFO [main] org.apache.catalina.startup.VersionLoggerListener.log Architecture:          amd64
26-Mar-2026 14:44:10.622 INFO [main] org.apache.catalina.startup.VersionLoggerListener.log Java Home:             C:\Program Files\Java\jdk-21
26-Mar-2026 14:44:10.622 INFO [main] org.apache.catalina.startup.VersionLoggerListener.log JVM Version:           21.0.9+7-LTS-338
26-Mar-2026 14:44:10.622 INFO [main] org.apache.catalina.startup.VersionLoggerListener.log JVM Vendor:            Oracle Corporation
26-Mar-2026 14:44:10.622 INFO [main] org.apache.catalina.startup.VersionLoggerListener.log CATALINA_BASE:         C:\Users\joaop\OneDrive\Desktop\ARQWEB\Projeto-ARQWEB1
26-Mar-2026 14:44:10.622 INFO [main] org.apache.catalina.startup.VersionLoggerListener.log CATALINA_HOME:         C:\Program Files\Tomcat\apache-tomcat-9.0.115
26-Mar-2026 14:44:10.628 INFO [main] org.apache.catalina.startup.VersionLoggerListener.log Command line argument: --add-opens=java.base/java.lang=ALL-UNNAMED
26-Mar-2026 14:44:10.630 INFO [main] org.apache.catalina.startup.VersionLoggerListener.log Command line argument: --add-opens=java.base/java.io=ALL-UNNAMED
26-Mar-2026 14:44:10.630 INFO [main] org.apache.catalina.startup.VersionLoggerListener.log Command line argument: --add-opens=java.base/java.util=ALL-UNNAMED
26-Mar-2026 14:44:10.630 INFO [main] org.apache.catalina.startup.VersionLoggerListener.log Command line argument: --add-opens=java.base/java.util.concurrent=ALL-UNNAMED
26-Mar-2026 14:44:10.630 INFO [main] org.apache.catalina.startup.VersionLoggerListener.log Command line argument: --add-opens=java.rmi/sun.rmi.transport=ALL-UNNAMED
26-Mar-2026 14:44:10.630 INFO [main] org.apache.catalina.startup.VersionLoggerListener.log Command line argument: -Dcatalina.home=C:\Program Files\Tomcat\apache-tomcat-9.0.115
26-Mar-2026 14:44:10.630 INFO [main] org.apache.catalina.startup.VersionLoggerListener.log Command line argument: -Dcatalina.base=C:\Users\joaop\OneDrive\Desktop\ARQWEB\Projeto-ARQWEB1
26-Mar-2026 14:44:10.630 INFO [main] org.apache.catalina.startup.VersionLoggerListener.log Command line argument: -Djava.io.tmpdir=C:\Users\joaop\OneDrive\Desktop\ARQWEB\Projeto-ARQWEB1\temp
26-Mar-2026 14:44:10.630 INFO [main] org.apache.catalina.startup.VersionLoggerListener.log Command line argument: -Djava.util.logging.config.file=C:\Users\joaop\OneDrive\Desktop\ARQWEB\Projeto-ARQWEB1\conf\logging.properties
26-Mar-2026 14:44:10.630 INFO [main] org.apache.catalina.startup.VersionLoggerListener.log Command line argument: -Djava.util.logging.manager=org.apache.juli.ClassLoaderLogManager
26-Mar-2026 14:44:10.630 INFO [main] org.apache.catalina.startup.VersionLoggerListener.log Command line argument: -javaagent:C:\Users\joaop\AppData\Local\Programs\IntelliJ IDEA\lib\idea_rt.jar=55493
26-Mar-2026 14:44:10.630 INFO [main] org.apache.catalina.startup.VersionLoggerListener.log Command line argument: -Dfile.encoding=UTF-8
26-Mar-2026 14:44:10.630 INFO [main] org.apache.catalina.startup.VersionLoggerListener.log Command line argument: -Dsun.stdout.encoding=UTF-8
26-Mar-2026 14:44:10.630 INFO [main] org.apache.catalina.startup.VersionLoggerListener.log Command line argument: -Dsun.stderr.encoding=UTF-8
26-Mar-2026 14:44:10.634 INFO [main] org.apache.catalina.core.AprLifecycleListener.lifecycleEvent Loaded Apache Tomcat Native library [1.3.5] using APR version [1.7.6].
26-Mar-2026 14:44:10.636 INFO [main] org.apache.catalina.core.AprLifecycleListener.lifecycleEvent APR capabilities: IPv6 [true], sendfile [true], accept filters [false], random [true], UDS [true].
26-Mar-2026 14:44:10.636 INFO [main] org.apache.catalina.core.AprLifecycleListener.lifecycleEvent APR/OpenSSL configuration: useAprConnector [false], useOpenSSL [true]
26-Mar-2026 14:44:10.642 INFO [main] org.apache.catalina.core.AprLifecycleListener.initializeSSL OpenSSL successfully initialized [OpenSSL 3.0.18 30 Sep 2025]
26-Mar-2026 14:44:10.953 INFO [main] org.apache.coyote.AbstractProtocol.init Initializing ProtocolHandler ["http-nio-8080"]
26-Mar-2026 14:44:10.972 INFO [main] org.apache.catalina.startup.Catalina.load Server initialization in [547] milliseconds
26-Mar-2026 14:44:11.009 INFO [main] org.apache.catalina.core.StandardService.startInternal Starting service [Catalina]
26-Mar-2026 14:44:11.010 INFO [main] org.apache.catalina.core.StandardEngine.startInternal Starting Servlet engine: [Apache Tomcat/9.0.115]
26-Mar-2026 14:44:11.020 INFO [main] org.apache.catalina.startup.HostConfig.deployDescriptor Deploying deployment descriptor [C:\Users\joaop\OneDrive\Desktop\ARQWEB\Projeto-ARQWEB1\conf\Catalina\localhost\ProjetoARQWEB1_JavaServlet.xml]
26-Mar-2026 14:44:11.558 INFO [main] org.apache.catalina.startup.HostConfig.deployDescriptor Deployment of deployment descriptor [C:\Users\joaop\OneDrive\Desktop\ARQWEB\Projeto-ARQWEB1\conf\Catalina\localhost\ProjetoARQWEB1_JavaServlet.xml] has finished in [535] ms
26-Mar-2026 14:44:11.561 INFO [main] org.apache.coyote.AbstractProtocol.start Starting ProtocolHandler ["http-nio-8080"]
26-Mar-2026 14:44:11.583 INFO [main] org.apache.catalina.startup.Catalina.start Server startup in [609] milliseconds
26-Mar-2026 14:44:54.085 INFO [Thread-1] org.apache.coyote.AbstractProtocol.pause Pausing ProtocolHandler ["http-nio-8080"]
26-Mar-2026 14:44:54.089 INFO [Thread-1] org.apache.catalina.core.StandardService.stopInternal Stopping service [Catalina]
26-Mar-2026 14:44:54.097 INFO [Thread-1] org.apache.coyote.AbstractProtocol.stop Stopping ProtocolHandler ["http-nio-8080"]
26-Mar-2026 14:44:54.100 INFO [Thread-1] org.apache.coyote.AbstractProtocol.destroy Destroying ProtocolHandler ["http-nio-8080"]
26-Mar-2026 14:46:07.561 INFO [main] org.apache.catalina.startup.VersionLoggerListener.log Server version name:   Apache Tomcat/9.0.115
26-Mar-2026 14:46:07.566 INFO [main] org.apache.catalina.startup.VersionLoggerListener.log Server built:          Jan 21 2026 08:17:26 UTC
26-Mar-2026 14:46:07.566 INFO [main] org.apache.catalina.startup.VersionLoggerListener.log Server version number: 9.0.115.0
26-Mar-2026 14:46:07.566 INFO [main] org.apache.catalina.startup.VersionLoggerListener.log OS Name:               Windows 11
26-Mar-2026 14:46:07.566 INFO [main] org.apache.catalina.startup.VersionLoggerListener.log OS Version:            10.0
26-Mar-2026 14:46:07.566 INFO [main] org.apache.catalina.startup.VersionLoggerListener.log Architecture:          amd64
26-Mar-2026 14:46:07.566 INFO [main] org.apache.catalina.startup.VersionLoggerListener.log Java Home:             C:\Program Files\Java\jdk-21
26-Mar-2026 14:46:07.566 INFO [main] org.apache.catalina.startup.VersionLoggerListener.log JVM Version:           21.0.9+7-LTS-338
26-Mar-2026 14:46:07.567 INFO [main] org.apache.catalina.startup.VersionLoggerListener.log JVM Vendor:            Oracle Corporation
26-Mar-2026 14:46:07.567 INFO [main] org.apache.catalina.startup.VersionLoggerListener.log CATALINA_BASE:         C:\Users\joaop\OneDrive\Desktop\ARQWEB\Projeto-ARQWEB1
26-Mar-2026 14:46:07.567 INFO [main] org.apache.catalina.startup.VersionLoggerListener.log CATALINA_HOME:         C:\Program Files\Tomcat\apache-tomcat-9.0.115
26-Mar-2026 14:46:07.574 INFO [main] org.apache.catalina.startup.VersionLoggerListener.log Command line argument: --add-opens=java.base/java.lang=ALL-UNNAMED
26-Mar-2026 14:46:07.575 INFO [main] org.apache.catalina.startup.VersionLoggerListener.log Command line argument: --add-opens=java.base/java.io=ALL-UNNAMED
26-Mar-2026 14:46:07.575 INFO [main] org.apache.catalina.startup.VersionLoggerListener.log Command line argument: --add-opens=java.base/java.util=ALL-UNNAMED
26-Mar-2026 14:46:07.575 INFO [main] org.apache.catalina.startup.VersionLoggerListener.log Command line argument: --add-opens=java.base/java.util.concurrent=ALL-UNNAMED
26-Mar-2026 14:46:07.575 INFO [main] org.apache.catalina.startup.VersionLoggerListener.log Command line argument: --add-opens=java.rmi/sun.rmi.transport=ALL-UNNAMED
26-Mar-2026 14:46:07.575 INFO [main] org.apache.catalina.startup.VersionLoggerListener.log Command line argument: -Dcatalina.home=C:\Program Files\Tomcat\apache-tomcat-9.0.115
26-Mar-2026 14:46:07.575 INFO [main] org.apache.catalina.startup.VersionLoggerListener.log Command line argument: -Dcatalina.base=C:\Users\joaop\OneDrive\Desktop\ARQWEB\Projeto-ARQWEB1
26-Mar-2026 14:46:07.575 INFO [main] org.apache.catalina.startup.VersionLoggerListener.log Command line argument: -Djava.io.tmpdir=C:\Users\joaop\OneDrive\Desktop\ARQWEB\Projeto-ARQWEB1\temp
26-Mar-2026 14:46:07.575 INFO [main] org.apache.catalina.startup.VersionLoggerListener.log Command line argument: -Djava.util.logging.config.file=C:\Users\joaop\OneDrive\Desktop\ARQWEB\Projeto-ARQWEB1\conf\logging.properties
26-Mar-2026 14:46:07.575 INFO [main] org.apache.catalina.startup.VersionLoggerListener.log Command line argument: -Djava.util.logging.manager=org.apache.juli.ClassLoaderLogManager
26-Mar-2026 14:46:07.575 INFO [main] org.apache.catalina.startup.VersionLoggerListener.log Command line argument: -javaagent:C:\Users\joaop\AppData\Local\Programs\IntelliJ IDEA\lib\idea_rt.jar=53587
26-Mar-2026 14:46:07.576 INFO [main] org.apache.catalina.startup.VersionLoggerListener.log Command line argument: -Dfile.encoding=UTF-8
26-Mar-2026 14:46:07.576 INFO [main] org.apache.catalina.startup.VersionLoggerListener.log Command line argument: -Dsun.stdout.encoding=UTF-8
26-Mar-2026 14:46:07.576 INFO [main] org.apache.catalina.startup.VersionLoggerListener.log Command line argument: -Dsun.stderr.encoding=UTF-8
26-Mar-2026 14:46:07.579 INFO [main] org.apache.catalina.core.AprLifecycleListener.lifecycleEvent Loaded Apache Tomcat Native library [1.3.5] using APR version [1.7.6].
26-Mar-2026 14:46:07.579 INFO [main] org.apache.catalina.core.AprLifecycleListener.lifecycleEvent APR capabilities: IPv6 [true], sendfile [true], accept filters [false], random [true], UDS [true].
26-Mar-2026 14:46:07.580 INFO [main] org.apache.catalina.core.AprLifecycleListener.lifecycleEvent APR/OpenSSL configuration: useAprConnector [false], useOpenSSL [true]
26-Mar-2026 14:46:07.586 INFO [main] org.apache.catalina.core.AprLifecycleListener.initializeSSL OpenSSL successfully initialized [OpenSSL 3.0.18 30 Sep 2025]
26-Mar-2026 14:46:07.919 INFO [main] org.apache.coyote.AbstractProtocol.init Initializing ProtocolHandler ["http-nio-8080"]
26-Mar-2026 14:46:07.937 INFO [main] org.apache.catalina.startup.Catalina.load Server initialization in [566] milliseconds
26-Mar-2026 14:46:07.986 INFO [main] org.apache.catalina.core.StandardService.startInternal Starting service [Catalina]
26-Mar-2026 14:46:07.986 INFO [main] org.apache.catalina.core.StandardEngine.startInternal Starting Servlet engine: [Apache Tomcat/9.0.115]
26-Mar-2026 14:46:07.997 INFO [main] org.apache.catalina.startup.HostConfig.deployDescriptor Deploying deployment descriptor [C:\Users\joaop\OneDrive\Desktop\ARQWEB\Projeto-ARQWEB1\conf\Catalina\localhost\ProjetoARQWEB1_JavaServlet.xml]
26-Mar-2026 14:46:08.534 INFO [main] org.apache.catalina.startup.HostConfig.deployDescriptor Deployment of deployment descriptor [C:\Users\joaop\OneDrive\Desktop\ARQWEB\Projeto-ARQWEB1\conf\Catalina\localhost\ProjetoARQWEB1_JavaServlet.xml] has finished in [535] ms
26-Mar-2026 14:46:08.538 INFO [main] org.apache.coyote.AbstractProtocol.start Starting ProtocolHandler ["http-nio-8080"]
26-Mar-2026 14:46:08.557 INFO [main] org.apache.catalina.startup.Catalina.start Server startup in [617] milliseconds
26-Mar-2026 14:46:31.854 INFO [Thread-1] org.apache.coyote.AbstractProtocol.pause Pausing ProtocolHandler ["http-nio-8080"]
26-Mar-2026 14:46:31.859 INFO [Thread-1] org.apache.catalina.core.StandardService.stopInternal Stopping service [Catalina]
26-Mar-2026 14:46:31.870 INFO [Thread-1] org.apache.coyote.AbstractProtocol.stop Stopping ProtocolHandler ["http-nio-8080"]
26-Mar-2026 14:46:31.873 INFO [Thread-1] org.apache.coyote.AbstractProtocol.destroy Destroying ProtocolHandler ["http-nio-8080"]
26-Mar-2026 19:28:30.162 INFO [main] org.apache.catalina.startup.VersionLoggerListener.log Server version name:   Apache Tomcat/9.0.115
26-Mar-2026 19:28:30.169 INFO [main] org.apache.catalina.startup.VersionLoggerListener.log Server built:          Jan 21 2026 08:17:26 UTC
26-Mar-2026 19:28:30.169 INFO [main] org.apache.catalina.startup.VersionLoggerListener.log Server version number: 9.0.115.0
26-Mar-2026 19:28:30.170 INFO [main] org.apache.catalina.startup.VersionLoggerListener.log OS Name:               Windows 11
26-Mar-2026 19:28:30.170 INFO [main] org.apache.catalina.startup.VersionLoggerListener.log OS Version:            10.0
26-Mar-2026 19:28:30.170 INFO [main] org.apache.catalina.startup.VersionLoggerListener.log Architecture:          amd64
26-Mar-2026 19:28:30.170 INFO [main] org.apache.catalina.startup.VersionLoggerListener.log Java Home:             C:\Program Files\Java\jdk-21
26-Mar-2026 19:28:30.170 INFO [main] org.apache.catalina.startup.VersionLoggerListener.log JVM Version:           21.0.9+7-LTS-338
26-Mar-2026 19:28:30.171 INFO [main] org.apache.catalina.startup.VersionLoggerListener.log JVM Vendor:            Oracle Corporation
26-Mar-2026 19:28:30.171 INFO [main] org.apache.catalina.startup.VersionLoggerListener.log CATALINA_BASE:         C:\Users\joaop\OneDrive\Desktop\ARQWEB\Projeto-ARQWEB1
26-Mar-2026 19:28:30.171 INFO [main] org.apache.catalina.startup.VersionLoggerListener.log CATALINA_HOME:         C:\Program Files\Tomcat\apache-tomcat-9.0.115
26-Mar-2026 19:28:30.182 INFO [main] org.apache.catalina.startup.VersionLoggerListener.log Command line argument: --add-opens=java.base/java.lang=ALL-UNNAMED
26-Mar-2026 19:28:30.182 INFO [main] org.apache.catalina.startup.VersionLoggerListener.log Command line argument: --add-opens=java.base/java.io=ALL-UNNAMED
26-Mar-2026 19:28:30.182 INFO [main] org.apache.catalina.startup.VersionLoggerListener.log Command line argument: --add-opens=java.base/java.util=ALL-UNNAMED
26-Mar-2026 19:28:30.182 INFO [main] org.apache.catalina.startup.VersionLoggerListener.log Command line argument: --add-opens=java.base/java.util.concurrent=ALL-UNNAMED
26-Mar-2026 19:28:30.184 INFO [main] org.apache.catalina.startup.VersionLoggerListener.log Command line argument: --add-opens=java.rmi/sun.rmi.transport=ALL-UNNAMED
26-Mar-2026 19:28:30.184 INFO [main] org.apache.catalina.startup.VersionLoggerListener.log Command line argument: -Dcatalina.home=C:\Program Files\Tomcat\apache-tomcat-9.0.115
26-Mar-2026 19:28:30.184 INFO [main] org.apache.catalina.startup.VersionLoggerListener.log Command line argument: -Dcatalina.base=C:\Users\joaop\OneDrive\Desktop\ARQWEB\Projeto-ARQWEB1
26-Mar-2026 19:28:30.184 INFO [main] org.apache.catalina.startup.VersionLoggerListener.log Command line argument: -Djava.io.tmpdir=C:\Users\joaop\OneDrive\Desktop\ARQWEB\Projeto-ARQWEB1\temp
26-Mar-2026 19:28:30.185 INFO [main] org.apache.catalina.startup.VersionLoggerListener.log Command line argument: -Djava.util.logging.config.file=C:\Users\joaop\OneDrive\Desktop\ARQWEB\Projeto-ARQWEB1\conf\logging.properties
26-Mar-2026 19:28:30.185 INFO [main] org.apache.catalina.startup.VersionLoggerListener.log Command line argument: -Djava.util.logging.manager=org.apache.juli.ClassLoaderLogManager
26-Mar-2026 19:28:30.185 INFO [main] org.apache.catalina.startup.VersionLoggerListener.log Command line argument: -javaagent:C:\Users\joaop\AppData\Local\Programs\IntelliJ IDEA\lib\idea_rt.jar=56289
26-Mar-2026 19:28:30.185 INFO [main] org.apache.catalina.startup.VersionLoggerListener.log Command line argument: -Dfile.encoding=UTF-8
26-Mar-2026 19:28:30.185 INFO [main] org.apache.catalina.startup.VersionLoggerListener.log Command line argument: -Dsun.stdout.encoding=UTF-8
26-Mar-2026 19:28:30.186 INFO [main] org.apache.catalina.startup.VersionLoggerListener.log Command line argument: -Dsun.stderr.encoding=UTF-8
26-Mar-2026 19:28:30.196 INFO [main] org.apache.catalina.core.AprLifecycleListener.lifecycleEvent Loaded Apache Tomcat Native library [1.3.5] using APR version [1.7.6].
26-Mar-2026 19:28:30.196 INFO [main] org.apache.catalina.core.AprLifecycleListener.lifecycleEvent APR capabilities: IPv6 [true], sendfile [true], accept filters [false], random [true], UDS [true].
26-Mar-2026 19:28:30.197 INFO [main] org.apache.catalina.core.AprLifecycleListener.lifecycleEvent APR/OpenSSL configuration: useAprConnector [false], useOpenSSL [true]
26-Mar-2026 19:28:30.221 INFO [main] org.apache.catalina.core.AprLifecycleListener.initializeSSL OpenSSL successfully initialized [OpenSSL 3.0.18 30 Sep 2025]
26-Mar-2026 19:28:30.707 INFO [main] org.apache.coyote.AbstractProtocol.init Initializing ProtocolHandler ["http-nio-8080"]
26-Mar-2026 19:28:30.730 INFO [main] org.apache.catalina.startup.Catalina.load Server initialization in [902] milliseconds
26-Mar-2026 19:28:30.782 INFO [main] org.apache.catalina.core.StandardService.startInternal Starting service [Catalina]
26-Mar-2026 19:28:30.783 INFO [main] org.apache.catalina.core.StandardEngine.startInternal Starting Servlet engine: [Apache Tomcat/9.0.115]
26-Mar-2026 19:28:30.793 INFO [main] org.apache.catalina.startup.HostConfig.deployDescriptor Deploying deployment descriptor [C:\Users\joaop\OneDrive\Desktop\ARQWEB\Projeto-ARQWEB1\conf\Catalina\localhost\ProjetoARQWEB1_JavaServlet.xml]
26-Mar-2026 19:28:31.485 INFO [main] org.apache.catalina.startup.HostConfig.deployDescriptor Deployment of deployment descriptor [C:\Users\joaop\OneDrive\Desktop\ARQWEB\Projeto-ARQWEB1\conf\Catalina\localhost\ProjetoARQWEB1_JavaServlet.xml] has finished in [688] ms
26-Mar-2026 19:28:31.490 INFO [main] org.apache.coyote.AbstractProtocol.start Starting ProtocolHandler ["http-nio-8080"]
26-Mar-2026 19:28:31.517 INFO [main] org.apache.catalina.startup.Catalina.start Server startup in [784] milliseconds
26-Mar-2026 19:28:43.117 INFO [Thread-1] org.apache.coyote.AbstractProtocol.pause Pausing ProtocolHandler ["http-nio-8080"]
26-Mar-2026 19:28:43.124 INFO [Thread-1] org.apache.catalina.core.StandardService.stopInternal Stopping service [Catalina]
26-Mar-2026 19:28:43.149 INFO [Thread-1] org.apache.coyote.AbstractProtocol.stop Stopping ProtocolHandler ["http-nio-8080"]
26-Mar-2026 19:28:43.158 INFO [Thread-1] org.apache.coyote.AbstractProtocol.destroy Destroying ProtocolHandler ["http-nio-8080"]
